{
  "stats": {
    "suites": 3,
    "tests": 2,
    "passes": 1,
    "pending": 0,
    "failures": 1,
    "start": "2018-03-21T10:05:48.153Z",
    "end": "2018-03-21T10:05:48.342Z",
    "duration": 189,
    "testsRegistered": 2,
    "passPercent": 50,
    "pendingPercent": 0,
    "other": 0,
    "hasOther": false,
    "skipped": 0,
    "hasSkipped": false,
    "passPercentClass": "danger",
    "pendingPercentClass": "danger"
  },
  "suites": {
    "uuid": "9418ed5a-3392-4822-958f-6b91a8bc5017",
    "title": "",
    "fullFile": "",
    "file": "",
    "beforeHooks": [],
    "afterHooks": [],
    "tests": [],
    "suites": [
      {
        "uuid": "7394ec2f-ca74-4b8f-aab8-f899041b7e26",
        "title": "NodeUII自动化测试脚本",
        "fullFile": "D:\\node\\homeworks\\newpro\\tests\\service\\router.spec.js",
        "file": "\\tests\\service\\router.spec.js",
        "beforeHooks": [],
        "afterHooks": [],
        "tests": [],
        "suites": [
          {
            "uuid": "4bdf5440-83c6-4a7a-8ab0-ef155f042d8b",
            "title": "API接口测试",
            "fullFile": "D:\\node\\homeworks\\newpro\\tests\\service\\router.spec.js",
            "file": "\\tests\\service\\router.spec.js",
            "beforeHooks": [],
            "afterHooks": [],
            "tests": [
              {
                "title": "获取测试的数据",
                "fullTitle": "NodeUII自动化测试脚本 API接口测试 获取测试的数据",
                "timedOut": false,
                "duration": 34,
                "state": "passed",
                "speed": "fast",
                "pass": true,
                "fail": false,
                "pending": false,
                "code": "request()\n    .get('/index/test')\n    .set('Accept', 'application/json')\n    .expect('Content-Type', /json/)\n    .expect(200)\n    .end(function (err, response) {\n        if (response.body.data == \"hello test\") {\n            done();\n        } else {\n            done(new Error(\"测试结果与期望数据不符合\"))\n        }\n    });",
                "err": {},
                "isRoot": false,
                "uuid": "4265a262-9d6f-407c-8c86-456378d29499",
                "isHook": false,
                "skipped": false
              }
            ],
            "suites": [],
            "passes": [
              "4265a262-9d6f-407c-8c86-456378d29499"
            ],
            "failures": [],
            "pending": [],
            "skipped": [],
            "duration": 34,
            "root": false,
            "rootEmpty": false,
            "_timeout": 2000
          },
          {
            "uuid": "95a56de0-155d-4ddd-9065-833c3ba774fc",
            "title": "NodeUII容错测试",
            "fullFile": "D:\\node\\homeworks\\newpro\\tests\\service\\router.spec.js",
            "file": "\\tests\\service\\router.spec.js",
            "beforeHooks": [],
            "afterHooks": [],
            "tests": [
              {
                "title": "测试404脚本容错http code",
                "fullTitle": "NodeUII自动化测试脚本 NodeUII容错测试 测试404脚本容错http code",
                "timedOut": false,
                "duration": 23,
                "state": "failed",
                "pass": false,
                "fail": true,
                "pending": false,
                "code": "request()\n    .get('/message/notfound')\n    .set('Accept', 'application/json')\n    .expect(500, done);",
                "err": {
                  "message": "Error: expected 500 \"Internal Server Error\", got 404 \"Not Found\"",
                  "estack": "Error: expected 500 \"Internal Server Error\", got 404 \"Not Found\"\n    at Test._assertStatus (node_modules\\supertest\\lib\\test.js:266:12)\n    at Test._assertFunction (node_modules\\supertest\\lib\\test.js:281:11)\n    at Test.assert (node_modules\\supertest\\lib\\test.js:171:18)\n    at assert (node_modules\\supertest\\lib\\test.js:131:12)\n    at D:\\node\\homeworks\\newpro\\node_modules\\supertest\\lib\\test.js:128:5\n    at Test.Request.callback (node_modules\\superagent\\lib\\node\\index.js:718:3)\n    at IncomingMessage.parser (node_modules\\superagent\\lib\\node\\index.js:906:18)\n    at endReadableNT (_stream_readable.js:1056:12)\n    at _combinedTickCallback (internal/process/next_tick.js:138:11)\n    at process._tickCallback (internal/process/next_tick.js:180:9)"
                },
                "isRoot": false,
                "uuid": "99a1bf17-7141-4a53-8d34-b8b68b94aff7",
                "isHook": false,
                "skipped": false
              }
            ],
            "suites": [],
            "passes": [],
            "failures": [
              "99a1bf17-7141-4a53-8d34-b8b68b94aff7"
            ],
            "pending": [],
            "skipped": [],
            "duration": 23,
            "root": false,
            "rootEmpty": false,
            "_timeout": 2000
          }
        ],
        "passes": [],
        "failures": [],
        "pending": [],
        "skipped": [],
        "duration": 0,
        "root": false,
        "rootEmpty": false,
        "_timeout": 2000
      }
    ],
    "passes": [],
    "failures": [],
    "pending": [],
    "skipped": [],
    "duration": 0,
    "root": true,
    "rootEmpty": true,
    "_timeout": 2000
  },
  "copyrightYear": 2018
}